The target system is: Generic -  - Cortex-M0
The host system is: Linux - 5.19.0-45-generic - x86_64
Compiling the CXX compiler identification source file "CMakeCXXCompilerId.cpp" succeeded.
Compiler: /home/makspanch/Desktop/work/gcc-arm-none-eabi-7-2018-q2-update/bin/arm-none-eabi-g++ 
Build flags: 
Id flags: -c 

The output was:
0


Compilation of the CXX compiler identification source "CMakeCXXCompilerId.cpp" produced "CMakeCXXCompilerId.o"

The CXX compiler identification is GNU, found in "/home/makspanch/Desktop/work/i2c_test/DroneDevicePlatform/CMakeFiles/3.22.1/CompilerIdCXX/CMakeCXXCompilerId.o"

Detecting CXX compiler ABI info compiled with the following output:
Change Dir: /home/makspanch/Desktop/work/i2c_test/DroneDevicePlatform/CMakeFiles/CMakeTmp

Run Build Command(s):/usr/bin/gmake -f Makefile cmTC_e80dd/fast && /usr/bin/gmake  -f CMakeFiles/cmTC_e80dd.dir/build.make CMakeFiles/cmTC_e80dd.dir/build
gmake[1]: Entering directory '/home/makspanch/Desktop/work/i2c_test/DroneDevicePlatform/CMakeFiles/CMakeTmp'
Building CXX object CMakeFiles/cmTC_e80dd.dir/CMakeCXXCompilerABI.cpp.obj
/home/makspanch/Desktop/work/gcc-arm-none-eabi-7-2018-q2-update/bin/arm-none-eabi-g++   -v -o CMakeFiles/cmTC_e80dd.dir/CMakeCXXCompilerABI.cpp.obj -c /usr/share/cmake-3.22/Modules/CMakeCXXCompilerABI.cpp
Using built-in specs.
COLLECT_GCC=/home/makspanch/Desktop/work/gcc-arm-none-eabi-7-2018-q2-update/bin/arm-none-eabi-g++
Target: arm-none-eabi
Configured with: /tmp/jenkins/jenkins-GCC-7-build_toolchain_docker-775_20180622_1529687456/src/gcc/configure --target=arm-none-eabi --prefix=/tmp/jenkins/jenkins-GCC-7-build_toolchain_docker-775_20180622_1529687456/install-native --libexecdir=/tmp/jenkins/jenkins-GCC-7-build_toolchain_docker-775_20180622_1529687456/install-native/lib --infodir=/tmp/jenkins/jenkins-GCC-7-build_toolchain_docker-775_20180622_1529687456/install-native/share/doc/gcc-arm-none-eabi/info --mandir=/tmp/jenkins/jenkins-GCC-7-build_toolchain_docker-775_20180622_1529687456/install-native/share/doc/gcc-arm-none-eabi/man --htmldir=/tmp/jenkins/jenkins-GCC-7-build_toolchain_docker-775_20180622_1529687456/install-native/share/doc/gcc-arm-none-eabi/html --pdfdir=/tmp/jenkins/jenkins-GCC-7-build_toolchain_docker-775_20180622_1529687456/install-native/share/doc/gcc-arm-none-eabi/pdf --enable-languages=c,c++ --enable-plugins --disable-decimal-float --disable-libffi --disable-libgomp --disable-libmudflap --disable-libquadmath --disable-libssp --disable-libstdcxx-pch --disable-nls --disable-shared --disable-threads --disable-tls --with-gnu-as --with-gnu-ld --with-newlib --with-headers=yes --with-python-dir=share/gcc-arm-none-eabi --with-sysroot=/tmp/jenkins/jenkins-GCC-7-build_toolchain_docker-775_20180622_1529687456/install-native/arm-none-eabi --build=x86_64-linux-gnu --host=x86_64-linux-gnu --with-gmp=/tmp/jenkins/jenkins-GCC-7-build_toolchain_docker-775_20180622_1529687456/build-native/host-libs/usr --with-mpfr=/tmp/jenkins/jenkins-GCC-7-build_toolchain_docker-775_20180622_1529687456/build-native/host-libs/usr --with-mpc=/tmp/jenkins/jenkins-GCC-7-build_toolchain_docker-775_20180622_1529687456/build-native/host-libs/usr --with-isl=/tmp/jenkins/jenkins-GCC-7-build_toolchain_docker-775_20180622_1529687456/build-native/host-libs/usr --with-libelf=/tmp/jenkins/jenkins-GCC-7-build_toolchain_docker-775_20180622_1529687456/build-native/host-libs/usr --with-host-libstdcxx='-static-libgcc -Wl,-Bstatic,-lstdc++,-Bdynamic -lm' --with-pkgversion='GNU Tools for Arm Embedded Processors 7-2018-q2-update' --with-multilib-list=rmprofile
Thread model: single
gcc version 7.3.1 20180622 (release) [ARM/embedded-7-branch revision 261907] (GNU Tools for Arm Embedded Processors 7-2018-q2-update) 
COLLECT_GCC_OPTIONS='-v' '-o' 'CMakeFiles/cmTC_e80dd.dir/CMakeCXXCompilerABI.cpp.obj' '-c'
 /home/makspanch/Desktop/work/gcc-arm-none-eabi-7-2018-q2-update/bin/../lib/gcc/arm-none-eabi/7.3.1/cc1plus -quiet -v -iprefix /home/makspanch/Desktop/work/gcc-arm-none-eabi-7-2018-q2-update/bin/../lib/gcc/arm-none-eabi/7.3.1/ -isysroot /home/makspanch/Desktop/work/gcc-arm-none-eabi-7-2018-q2-update/bin/../arm-none-eabi -D__USES_INITFINI__ /usr/share/cmake-3.22/Modules/CMakeCXXCompilerABI.cpp -quiet -dumpbase CMakeCXXCompilerABI.cpp -auxbase-strip CMakeFiles/cmTC_e80dd.dir/CMakeCXXCompilerABI.cpp.obj -version -o /tmp/cctqEUeN.s
GNU C++14 (GNU Tools for Arm Embedded Processors 7-2018-q2-update) version 7.3.1 20180622 (release) [ARM/embedded-7-branch revision 261907] (arm-none-eabi)
	compiled by GNU C version 4.8.4, GMP version 6.1.0, MPFR version 3.1.4, MPC version 1.0.3, isl version isl-0.15-GMP

GGC heuristics: --param ggc-min-expand=100 --param ggc-min-heapsize=131072
ignoring duplicate directory "/home/makspanch/Desktop/work/gcc-arm-none-eabi-7-2018-q2-update/bin/../lib/gcc/../../lib/gcc/arm-none-eabi/7.3.1/../../../../arm-none-eabi/include/c++/7.3.1"
ignoring duplicate directory "/home/makspanch/Desktop/work/gcc-arm-none-eabi-7-2018-q2-update/bin/../lib/gcc/../../lib/gcc/arm-none-eabi/7.3.1/../../../../arm-none-eabi/include/c++/7.3.1/arm-none-eabi"
ignoring duplicate directory "/home/makspanch/Desktop/work/gcc-arm-none-eabi-7-2018-q2-update/bin/../lib/gcc/../../lib/gcc/arm-none-eabi/7.3.1/../../../../arm-none-eabi/include/c++/7.3.1/backward"
ignoring duplicate directory "/home/makspanch/Desktop/work/gcc-arm-none-eabi-7-2018-q2-update/bin/../lib/gcc/../../lib/gcc/arm-none-eabi/7.3.1/include"
ignoring nonexistent directory "/home/makspanch/Desktop/work/gcc-arm-none-eabi-7-2018-q2-update/bin/../arm-none-eabi/usr/local/include"
ignoring duplicate directory "/home/makspanch/Desktop/work/gcc-arm-none-eabi-7-2018-q2-update/bin/../lib/gcc/../../lib/gcc/arm-none-eabi/7.3.1/include-fixed"
ignoring duplicate directory "/home/makspanch/Desktop/work/gcc-arm-none-eabi-7-2018-q2-update/bin/../lib/gcc/../../lib/gcc/arm-none-eabi/7.3.1/../../../../arm-none-eabi/include"
ignoring nonexistent directory "/home/makspanch/Desktop/work/gcc-arm-none-eabi-7-2018-q2-update/bin/../arm-none-eabi/usr/include"
#include "..." search starts here:
#include <...> search starts here:
 /home/makspanch/Desktop/work/gcc-arm-none-eabi-7-2018-q2-update/bin/../lib/gcc/arm-none-eabi/7.3.1/../../../../arm-none-eabi/include/c++/7.3.1
 /home/makspanch/Desktop/work/gcc-arm-none-eabi-7-2018-q2-update/bin/../lib/gcc/arm-none-eabi/7.3.1/../../../../arm-none-eabi/include/c++/7.3.1/arm-none-eabi
 /home/makspanch/Desktop/work/gcc-arm-none-eabi-7-2018-q2-update/bin/../lib/gcc/arm-none-eabi/7.3.1/../../../../arm-none-eabi/include/c++/7.3.1/backward
 /home/makspanch/Desktop/work/gcc-arm-none-eabi-7-2018-q2-update/bin/../lib/gcc/arm-none-eabi/7.3.1/include
 /home/makspanch/Desktop/work/gcc-arm-none-eabi-7-2018-q2-update/bin/../lib/gcc/arm-none-eabi/7.3.1/include-fixed
 /home/makspanch/Desktop/work/gcc-arm-none-eabi-7-2018-q2-update/bin/../lib/gcc/arm-none-eabi/7.3.1/../../../../arm-none-eabi/include
End of search list.
GNU C++14 (GNU Tools for Arm Embedded Processors 7-2018-q2-update) version 7.3.1 20180622 (release) [ARM/embedded-7-branch revision 261907] (arm-none-eabi)
	compiled by GNU C version 4.8.4, GMP version 6.1.0, MPFR version 3.1.4, MPC version 1.0.3, isl version isl-0.15-GMP

GGC heuristics: --param ggc-min-expand=100 --param ggc-min-heapsize=131072
Compiler executable checksum: 62353cd5102bba936abfe473d9a75a86
COLLECT_GCC_OPTIONS='-v' '-o' 'CMakeFiles/cmTC_e80dd.dir/CMakeCXXCompilerABI.cpp.obj' '-c'
 /home/makspanch/Desktop/work/gcc-arm-none-eabi-7-2018-q2-update/bin/../lib/gcc/arm-none-eabi/7.3.1/../../../../arm-none-eabi/bin/as -v -meabi=5 -o CMakeFiles/cmTC_e80dd.dir/CMakeCXXCompilerABI.cpp.obj /tmp/cctqEUeN.s
GNU assembler version 2.30.0 (arm-none-eabi) using BFD version (GNU Tools for Arm Embedded Processors 7-2018-q2-update) 2.30.0.20180329
COMPILER_PATH=/home/makspanch/Desktop/work/gcc-arm-none-eabi-7-2018-q2-update/bin/../lib/gcc/arm-none-eabi/7.3.1/:/home/makspanch/Desktop/work/gcc-arm-none-eabi-7-2018-q2-update/bin/../lib/gcc/:/home/makspanch/Desktop/work/gcc-arm-none-eabi-7-2018-q2-update/bin/../lib/gcc/arm-none-eabi/7.3.1/../../../../arm-none-eabi/bin/
LIBRARY_PATH=/home/makspanch/Desktop/work/gcc-arm-none-eabi-7-2018-q2-update/bin/../lib/gcc/arm-none-eabi/7.3.1/:/home/makspanch/Desktop/work/gcc-arm-none-eabi-7-2018-q2-update/bin/../lib/gcc/:/home/makspanch/Desktop/work/gcc-arm-none-eabi-7-2018-q2-update/bin/../lib/gcc/arm-none-eabi/7.3.1/../../../../arm-none-eabi/lib/:/home/makspanch/Desktop/work/gcc-arm-none-eabi-7-2018-q2-update/bin/../arm-none-eabi/lib/
COLLECT_GCC_OPTIONS='-v' '-o' 'CMakeFiles/cmTC_e80dd.dir/CMakeCXXCompilerABI.cpp.obj' '-c'
Linking CXX static library libcmTC_e80dd.a
/usr/bin/cmake -P CMakeFiles/cmTC_e80dd.dir/cmake_clean_target.cmake
/usr/bin/cmake -E cmake_link_script CMakeFiles/cmTC_e80dd.dir/link.txt --verbose=1
/home/makspanch/Desktop/work/gcc-arm-none-eabi-7-2018-q2-update/bin/arm-none-eabi-ar qc libcmTC_e80dd.a CMakeFiles/cmTC_e80dd.dir/CMakeCXXCompilerABI.cpp.obj
/home/makspanch/Desktop/work/gcc-arm-none-eabi-7-2018-q2-update/bin/arm-none-eabi-ranlib libcmTC_e80dd.a
gmake[1]: Leaving directory '/home/makspanch/Desktop/work/i2c_test/DroneDevicePlatform/CMakeFiles/CMakeTmp'



Parsed CXX implicit include dir info from above output: rv=done
  found start of include info
  found start of implicit include info
    add: [/home/makspanch/Desktop/work/gcc-arm-none-eabi-7-2018-q2-update/bin/../lib/gcc/arm-none-eabi/7.3.1/../../../../arm-none-eabi/include/c++/7.3.1]
    add: [/home/makspanch/Desktop/work/gcc-arm-none-eabi-7-2018-q2-update/bin/../lib/gcc/arm-none-eabi/7.3.1/../../../../arm-none-eabi/include/c++/7.3.1/arm-none-eabi]
    add: [/home/makspanch/Desktop/work/gcc-arm-none-eabi-7-2018-q2-update/bin/../lib/gcc/arm-none-eabi/7.3.1/../../../../arm-none-eabi/include/c++/7.3.1/backward]
    add: [/home/makspanch/Desktop/work/gcc-arm-none-eabi-7-2018-q2-update/bin/../lib/gcc/arm-none-eabi/7.3.1/include]
    add: [/home/makspanch/Desktop/work/gcc-arm-none-eabi-7-2018-q2-update/bin/../lib/gcc/arm-none-eabi/7.3.1/include-fixed]
    add: [/home/makspanch/Desktop/work/gcc-arm-none-eabi-7-2018-q2-update/bin/../lib/gcc/arm-none-eabi/7.3.1/../../../../arm-none-eabi/include]
  end of search list found
  collapse include dir [/home/makspanch/Desktop/work/gcc-arm-none-eabi-7-2018-q2-update/bin/../lib/gcc/arm-none-eabi/7.3.1/../../../../arm-none-eabi/include/c++/7.3.1] ==> [/home/makspanch/Desktop/work/gcc-arm-none-eabi-7-2018-q2-update/arm-none-eabi/include/c++/7.3.1]
  collapse include dir [/home/makspanch/Desktop/work/gcc-arm-none-eabi-7-2018-q2-update/bin/../lib/gcc/arm-none-eabi/7.3.1/../../../../arm-none-eabi/include/c++/7.3.1/arm-none-eabi] ==> [/home/makspanch/Desktop/work/gcc-arm-none-eabi-7-2018-q2-update/arm-none-eabi/include/c++/7.3.1/arm-none-eabi]
  collapse include dir [/home/makspanch/Desktop/work/gcc-arm-none-eabi-7-2018-q2-update/bin/../lib/gcc/arm-none-eabi/7.3.1/../../../../arm-none-eabi/include/c++/7.3.1/backward] ==> [/home/makspanch/Desktop/work/gcc-arm-none-eabi-7-2018-q2-update/arm-none-eabi/include/c++/7.3.1/backward]
  collapse include dir [/home/makspanch/Desktop/work/gcc-arm-none-eabi-7-2018-q2-update/bin/../lib/gcc/arm-none-eabi/7.3.1/include] ==> [/home/makspanch/Desktop/work/gcc-arm-none-eabi-7-2018-q2-update/lib/gcc/arm-none-eabi/7.3.1/include]
  collapse include dir [/home/makspanch/Desktop/work/gcc-arm-none-eabi-7-2018-q2-update/bin/../lib/gcc/arm-none-eabi/7.3.1/include-fixed] ==> [/home/makspanch/Desktop/work/gcc-arm-none-eabi-7-2018-q2-update/lib/gcc/arm-none-eabi/7.3.1/include-fixed]
  collapse include dir [/home/makspanch/Desktop/work/gcc-arm-none-eabi-7-2018-q2-update/bin/../lib/gcc/arm-none-eabi/7.3.1/../../../../arm-none-eabi/include] ==> [/home/makspanch/Desktop/work/gcc-arm-none-eabi-7-2018-q2-update/arm-none-eabi/include]
  implicit include dirs: [/home/makspanch/Desktop/work/gcc-arm-none-eabi-7-2018-q2-update/arm-none-eabi/include/c++/7.3.1;/home/makspanch/Desktop/work/gcc-arm-none-eabi-7-2018-q2-update/arm-none-eabi/include/c++/7.3.1/arm-none-eabi;/home/makspanch/Desktop/work/gcc-arm-none-eabi-7-2018-q2-update/arm-none-eabi/include/c++/7.3.1/backward;/home/makspanch/Desktop/work/gcc-arm-none-eabi-7-2018-q2-update/lib/gcc/arm-none-eabi/7.3.1/include;/home/makspanch/Desktop/work/gcc-arm-none-eabi-7-2018-q2-update/lib/gcc/arm-none-eabi/7.3.1/include-fixed;/home/makspanch/Desktop/work/gcc-arm-none-eabi-7-2018-q2-update/arm-none-eabi/include]


Parsed CXX implicit link information from above output:
  link line regex: [^( *|.*[/\])(arm-none-eabi-ld|CMAKE_LINK_STARTFILE-NOTFOUND|([^/\]+-)?ld|collect2)[^/\]*( |$)]
  ignore line: [Change Dir: /home/makspanch/Desktop/work/i2c_test/DroneDevicePlatform/CMakeFiles/CMakeTmp]
  ignore line: []
  ignore line: [Run Build Command(s):/usr/bin/gmake -f Makefile cmTC_e80dd/fast && /usr/bin/gmake  -f CMakeFiles/cmTC_e80dd.dir/build.make CMakeFiles/cmTC_e80dd.dir/build]
  ignore line: [gmake[1]: Entering directory '/home/makspanch/Desktop/work/i2c_test/DroneDevicePlatform/CMakeFiles/CMakeTmp']
  ignore line: [Building CXX object CMakeFiles/cmTC_e80dd.dir/CMakeCXXCompilerABI.cpp.obj]
  ignore line: [/home/makspanch/Desktop/work/gcc-arm-none-eabi-7-2018-q2-update/bin/arm-none-eabi-g++   -v -o CMakeFiles/cmTC_e80dd.dir/CMakeCXXCompilerABI.cpp.obj -c /usr/share/cmake-3.22/Modules/CMakeCXXCompilerABI.cpp]
  ignore line: [Using built-in specs.]
  ignore line: [COLLECT_GCC=/home/makspanch/Desktop/work/gcc-arm-none-eabi-7-2018-q2-update/bin/arm-none-eabi-g++]
  ignore line: [Target: arm-none-eabi]
  ignore line: [Configured with: /tmp/jenkins/jenkins-GCC-7-build_toolchain_docker-775_20180622_1529687456/src/gcc/configure --target=arm-none-eabi --prefix=/tmp/jenkins/jenkins-GCC-7-build_toolchain_docker-775_20180622_1529687456/install-native --libexecdir=/tmp/jenkins/jenkins-GCC-7-build_toolchain_docker-775_20180622_1529687456/install-native/lib --infodir=/tmp/jenkins/jenkins-GCC-7-build_toolchain_docker-775_20180622_1529687456/install-native/share/doc/gcc-arm-none-eabi/info --mandir=/tmp/jenkins/jenkins-GCC-7-build_toolchain_docker-775_20180622_1529687456/install-native/share/doc/gcc-arm-none-eabi/man --htmldir=/tmp/jenkins/jenkins-GCC-7-build_toolchain_docker-775_20180622_1529687456/install-native/share/doc/gcc-arm-none-eabi/html --pdfdir=/tmp/jenkins/jenkins-GCC-7-build_toolchain_docker-775_20180622_1529687456/install-native/share/doc/gcc-arm-none-eabi/pdf --enable-languages=c,c++ --enable-plugins --disable-decimal-float --disable-libffi --disable-libgomp --disable-libmudflap --disable-libquadmath --disable-libssp --disable-libstdcxx-pch --disable-nls --disable-shared --disable-threads --disable-tls --with-gnu-as --with-gnu-ld --with-newlib --with-headers=yes --with-python-dir=share/gcc-arm-none-eabi --with-sysroot=/tmp/jenkins/jenkins-GCC-7-build_toolchain_docker-775_20180622_1529687456/install-native/arm-none-eabi --build=x86_64-linux-gnu --host=x86_64-linux-gnu --with-gmp=/tmp/jenkins/jenkins-GCC-7-build_toolchain_docker-775_20180622_1529687456/build-native/host-libs/usr --with-mpfr=/tmp/jenkins/jenkins-GCC-7-build_toolchain_docker-775_20180622_1529687456/build-native/host-libs/usr --with-mpc=/tmp/jenkins/jenkins-GCC-7-build_toolchain_docker-775_20180622_1529687456/build-native/host-libs/usr --with-isl=/tmp/jenkins/jenkins-GCC-7-build_toolchain_docker-775_20180622_1529687456/build-native/host-libs/usr --with-libelf=/tmp/jenkins/jenkins-GCC-7-build_toolchain_docker-775_20180622_1529687456/build-native/host-libs/usr --with-host-libstdcxx='-static-libgcc -Wl,-Bstatic,-lstdc++,-Bdynamic -lm' --with-pkgversion='GNU Tools for Arm Embedded Processors 7-2018-q2-update' --with-multilib-list=rmprofile]
  ignore line: [Thread model: single]
  ignore line: [gcc version 7.3.1 20180622 (release) [ARM/embedded-7-branch revision 261907] (GNU Tools for Arm Embedded Processors 7-2018-q2-update) ]
  ignore line: [COLLECT_GCC_OPTIONS='-v' '-o' 'CMakeFiles/cmTC_e80dd.dir/CMakeCXXCompilerABI.cpp.obj' '-c']
  ignore line: [ /home/makspanch/Desktop/work/gcc-arm-none-eabi-7-2018-q2-update/bin/../lib/gcc/arm-none-eabi/7.3.1/cc1plus -quiet -v -iprefix /home/makspanch/Desktop/work/gcc-arm-none-eabi-7-2018-q2-update/bin/../lib/gcc/arm-none-eabi/7.3.1/ -isysroot /home/makspanch/Desktop/work/gcc-arm-none-eabi-7-2018-q2-update/bin/../arm-none-eabi -D__USES_INITFINI__ /usr/share/cmake-3.22/Modules/CMakeCXXCompilerABI.cpp -quiet -dumpbase CMakeCXXCompilerABI.cpp -auxbase-strip CMakeFiles/cmTC_e80dd.dir/CMakeCXXCompilerABI.cpp.obj -version -o /tmp/cctqEUeN.s]
  ignore line: [GNU C++14 (GNU Tools for Arm Embedded Processors 7-2018-q2-update) version 7.3.1 20180622 (release) [ARM/embedded-7-branch revision 261907] (arm-none-eabi)]
  ignore line: [	compiled by GNU C version 4.8.4  GMP version 6.1.0  MPFR version 3.1.4  MPC version 1.0.3  isl version isl-0.15-GMP]
  ignore line: []
  ignore line: [GGC heuristics: --param ggc-min-expand=100 --param ggc-min-heapsize=131072]
  ignore line: [ignoring duplicate directory "/home/makspanch/Desktop/work/gcc-arm-none-eabi-7-2018-q2-update/bin/../lib/gcc/../../lib/gcc/arm-none-eabi/7.3.1/../../../../arm-none-eabi/include/c++/7.3.1"]
  ignore line: [ignoring duplicate directory "/home/makspanch/Desktop/work/gcc-arm-none-eabi-7-2018-q2-update/bin/../lib/gcc/../../lib/gcc/arm-none-eabi/7.3.1/../../../../arm-none-eabi/include/c++/7.3.1/arm-none-eabi"]
  ignore line: [ignoring duplicate directory "/home/makspanch/Desktop/work/gcc-arm-none-eabi-7-2018-q2-update/bin/../lib/gcc/../../lib/gcc/arm-none-eabi/7.3.1/../../../../arm-none-eabi/include/c++/7.3.1/backward"]
  ignore line: [ignoring duplicate directory "/home/makspanch/Desktop/work/gcc-arm-none-eabi-7-2018-q2-update/bin/../lib/gcc/../../lib/gcc/arm-none-eabi/7.3.1/include"]
  ignore line: [ignoring nonexistent directory "/home/makspanch/Desktop/work/gcc-arm-none-eabi-7-2018-q2-update/bin/../arm-none-eabi/usr/local/include"]
  ignore line: [ignoring duplicate directory "/home/makspanch/Desktop/work/gcc-arm-none-eabi-7-2018-q2-update/bin/../lib/gcc/../../lib/gcc/arm-none-eabi/7.3.1/include-fixed"]
  ignore line: [ignoring duplicate directory "/home/makspanch/Desktop/work/gcc-arm-none-eabi-7-2018-q2-update/bin/../lib/gcc/../../lib/gcc/arm-none-eabi/7.3.1/../../../../arm-none-eabi/include"]
  ignore line: [ignoring nonexistent directory "/home/makspanch/Desktop/work/gcc-arm-none-eabi-7-2018-q2-update/bin/../arm-none-eabi/usr/include"]
  ignore line: [#include "..." search starts here:]
  ignore line: [#include <...> search starts here:]
  ignore line: [ /home/makspanch/Desktop/work/gcc-arm-none-eabi-7-2018-q2-update/bin/../lib/gcc/arm-none-eabi/7.3.1/../../../../arm-none-eabi/include/c++/7.3.1]
  ignore line: [ /home/makspanch/Desktop/work/gcc-arm-none-eabi-7-2018-q2-update/bin/../lib/gcc/arm-none-eabi/7.3.1/../../../../arm-none-eabi/include/c++/7.3.1/arm-none-eabi]
  ignore line: [ /home/makspanch/Desktop/work/gcc-arm-none-eabi-7-2018-q2-update/bin/../lib/gcc/arm-none-eabi/7.3.1/../../../../arm-none-eabi/include/c++/7.3.1/backward]
  ignore line: [ /home/makspanch/Desktop/work/gcc-arm-none-eabi-7-2018-q2-update/bin/../lib/gcc/arm-none-eabi/7.3.1/include]
  ignore line: [ /home/makspanch/Desktop/work/gcc-arm-none-eabi-7-2018-q2-update/bin/../lib/gcc/arm-none-eabi/7.3.1/include-fixed]
  ignore line: [ /home/makspanch/Desktop/work/gcc-arm-none-eabi-7-2018-q2-update/bin/../lib/gcc/arm-none-eabi/7.3.1/../../../../arm-none-eabi/include]
  ignore line: [End of search list.]
  ignore line: [GNU C++14 (GNU Tools for Arm Embedded Processors 7-2018-q2-update) version 7.3.1 20180622 (release) [ARM/embedded-7-branch revision 261907] (arm-none-eabi)]
  ignore line: [	compiled by GNU C version 4.8.4  GMP version 6.1.0  MPFR version 3.1.4  MPC version 1.0.3  isl version isl-0.15-GMP]
  ignore line: []
  ignore line: [GGC heuristics: --param ggc-min-expand=100 --param ggc-min-heapsize=131072]
  ignore line: [Compiler executable checksum: 62353cd5102bba936abfe473d9a75a86]
  ignore line: [COLLECT_GCC_OPTIONS='-v' '-o' 'CMakeFiles/cmTC_e80dd.dir/CMakeCXXCompilerABI.cpp.obj' '-c']
  ignore line: [ /home/makspanch/Desktop/work/gcc-arm-none-eabi-7-2018-q2-update/bin/../lib/gcc/arm-none-eabi/7.3.1/../../../../arm-none-eabi/bin/as -v -meabi=5 -o CMakeFiles/cmTC_e80dd.dir/CMakeCXXCompilerABI.cpp.obj /tmp/cctqEUeN.s]
  ignore line: [GNU assembler version 2.30.0 (arm-none-eabi) using BFD version (GNU Tools for Arm Embedded Processors 7-2018-q2-update) 2.30.0.20180329]
  ignore line: [COMPILER_PATH=/home/makspanch/Desktop/work/gcc-arm-none-eabi-7-2018-q2-update/bin/../lib/gcc/arm-none-eabi/7.3.1/:/home/makspanch/Desktop/work/gcc-arm-none-eabi-7-2018-q2-update/bin/../lib/gcc/:/home/makspanch/Desktop/work/gcc-arm-none-eabi-7-2018-q2-update/bin/../lib/gcc/arm-none-eabi/7.3.1/../../../../arm-none-eabi/bin/]
  ignore line: [LIBRARY_PATH=/home/makspanch/Desktop/work/gcc-arm-none-eabi-7-2018-q2-update/bin/../lib/gcc/arm-none-eabi/7.3.1/:/home/makspanch/Desktop/work/gcc-arm-none-eabi-7-2018-q2-update/bin/../lib/gcc/:/home/makspanch/Desktop/work/gcc-arm-none-eabi-7-2018-q2-update/bin/../lib/gcc/arm-none-eabi/7.3.1/../../../../arm-none-eabi/lib/:/home/makspanch/Desktop/work/gcc-arm-none-eabi-7-2018-q2-update/bin/../arm-none-eabi/lib/]
  ignore line: [COLLECT_GCC_OPTIONS='-v' '-o' 'CMakeFiles/cmTC_e80dd.dir/CMakeCXXCompilerABI.cpp.obj' '-c']
  ignore line: [Linking CXX static library libcmTC_e80dd.a]
  ignore line: [/usr/bin/cmake -P CMakeFiles/cmTC_e80dd.dir/cmake_clean_target.cmake]
  ignore line: [/usr/bin/cmake -E cmake_link_script CMakeFiles/cmTC_e80dd.dir/link.txt --verbose=1]
  ignore line: [/home/makspanch/Desktop/work/gcc-arm-none-eabi-7-2018-q2-update/bin/arm-none-eabi-ar qc libcmTC_e80dd.a CMakeFiles/cmTC_e80dd.dir/CMakeCXXCompilerABI.cpp.obj]
  ignore line: [/home/makspanch/Desktop/work/gcc-arm-none-eabi-7-2018-q2-update/bin/arm-none-eabi-ranlib libcmTC_e80dd.a]
  ignore line: [gmake[1]: Leaving directory '/home/makspanch/Desktop/work/i2c_test/DroneDevicePlatform/CMakeFiles/CMakeTmp']
  ignore line: []
  ignore line: []
  implicit libs: []
  implicit objs: []
  implicit dirs: []
  implicit fwks: []


